<?xml version="1.0" encoding="UTF-8"?>
<!-- Generated by org.testng.reporters.JUnitXMLReporter -->
<testsuite ignored="0" hostname="SANDAS-BLRM21.local" failures="2" tests="2" name="RestAssueredAutomationJenkins" time="3.201" errors="0" timestamp="2023-05-31T02:23:29 IST">
  <testcase classname="GenericFramework.Tests.AirlinesTest" name="createAirLine" time="2.204">
    <failure type="java.lang.AssertionError" message="expected [200] but found [400]">
      <![CDATA[java.lang.AssertionError: expected [200] but found [400]
at GenericFramework.Tests.AirlinesTest.createAirLine(AirlinesTest.java:26)
at java.base/java.util.ArrayList.forEach(ArrayList.java:1511)
at com.intellij.rt.testng.IDEARemoteTestNG.run(IDEARemoteTestNG.java:66)
at com.intellij.rt.testng.RemoteTestNGStarter.main(RemoteTestNGStarter.java:109)
... Removed 31 stack frames]]>
    </failure>
  </testcase> <!-- createAirLine -->
  <testcase classname="GenericFramework.Tests.AirlinesTest" name="createAirLineAsMapPayload" time="0.952">
    <failure type="java.lang.AssertionError" message="expected [200] but found [400]">
      <![CDATA[java.lang.AssertionError: expected [200] but found [400]
at GenericFramework.Tests.AirlinesTest.createAirLineAsMapPayload(AirlinesTest.java:34)
at java.base/java.util.ArrayList.forEach(ArrayList.java:1511)
at com.intellij.rt.testng.IDEARemoteTestNG.run(IDEARemoteTestNG.java:66)
at com.intellij.rt.testng.RemoteTestNGStarter.main(RemoteTestNGStarter.java:109)
... Removed 31 stack frames]]>
    </failure>
  </testcase> <!-- createAirLineAsMapPayload -->
</testsuite> <!-- RestAssueredAutomationJenkins -->
