<?xml version="1.0" encoding="UTF-8"?>
<!-- Generated by org.testng.reporters.JUnitXMLReporter -->
<testsuite ignored="1" hostname="SANDAS-BLRM21.local" failures="0" tests="1" name="/Users/sangram.das/GIT/RestAssueredAutomationJenkins/src/test/API/GenericFramework/Tests/Airlines.java" time="2.775" errors="0" timestamp="2023-06-01T17:38:25 IST">
  <testcase classname="GenericFramework.Tests.Testcases.AirlinesTest" name="createAirLine" time="2.368"/>
  <testcase classname="GenericFramework.Tests.Testcases.AirlinesTest" name="createAirLineAsMapPayload" time="0.0">
    <ignored/>
  </testcase> <!-- createAirLineAsMapPayload -->
</testsuite> <!-- /Users/sangram.das/GIT/RestAssueredAutomationJenkins/src/test/API/GenericFramework/Tests/Airlines.java -->
