<?xml version="1.0" encoding="UTF-8"?>
<!-- Generated by org.testng.reporters.JUnitXMLReporter -->
<testsuite ignored="1" hostname="SANDAS-BLRM21.local" failures="0" tests="1" name="/Users/sangram.das/GIT/RestAssueredAutomationJenkins" time="8.588" errors="0" timestamp="2023-05-26T02:28:57 IST">
  <testcase classname="TestCases.MaxPanelAPI" name="maxpanelSchemaValidation" time="8.529"/>
  <testcase classname="TestCases.MaxPanelAPI" name="validateMaxPanel" time="0.0">
    <ignored/>
  </testcase> <!-- validateMaxPanel -->
</testsuite> <!-- /Users/sangram.das/GIT/RestAssueredAutomationJenkins -->
