<?xml version="1.0" encoding="UTF-8"?>
<testng-results ignored="0" total="2" passed="2" failed="0" skipped="0">
  <reporter-output>
  </reporter-output>
  <suite started-at="2023-05-30T21:28:37 IST" name="All Test Suite" finished-at="2023-05-30T21:28:40 IST" duration-ms="2859">
    <groups>
    </groups>
    <test started-at="2023-05-30T21:28:37 IST" name="/Users/sangram.das/GIT/RestAssueredAutomationJenkins/src/test/API/GenericFramework/Tests/Airlines.java" finished-at="2023-05-30T21:28:40 IST" duration-ms="2859">
      <class name="GenericFramework.Tests.AirlinesTest">
        <test-method signature="createAirLine()[pri:0, instance:GenericFramework.Tests.AirlinesTest@79e2c065]" started-at="2023-05-30T21:28:37 IST" name="createAirLine" finished-at="2023-05-30T21:28:39 IST" duration-ms="1875" status="PASS">
          <reporter-output>
          </reporter-output>
        </test-method> <!-- createAirLine -->
        <test-method signature="createAirLineAsMapPayload()[pri:0, instance:GenericFramework.Tests.AirlinesTest@79e2c065]" started-at="2023-05-30T21:28:39 IST" name="createAirLineAsMapPayload" finished-at="2023-05-30T21:28:40 IST" duration-ms="963" status="PASS">
          <reporter-output>
          </reporter-output>
        </test-method> <!-- createAirLineAsMapPayload -->
      </class> <!-- GenericFramework.Tests.AirlinesTest -->
    </test> <!-- /Users/sangram.das/GIT/RestAssueredAutomationJenkins/src/test/API/GenericFramework/Tests/Airlines.java -->
  </suite> <!-- All Test Suite -->
</testng-results>
