<?xml version="1.0" encoding="UTF-8"?>
<testng-results ignored="1" total="2" passed="1" failed="0" skipped="0">
  <reporter-output>
  </reporter-output>
  <suite started-at="2023-05-26T02:28:48 IST" name="All Test Suite" finished-at="2023-05-26T02:28:57 IST" duration-ms="8588">
    <groups>
    </groups>
    <test started-at="2023-05-26T02:28:48 IST" name="/Users/sangram.das/GIT/RestAssueredAutomationJenkins" finished-at="2023-05-26T02:28:57 IST" duration-ms="8588">
      <class name="TestCases.MaxPanelAPI">
        <test-method is-config="true" signature="before()[pri:0, instance:TestCases.MaxPanelAPI@6af93788]" started-at="2023-05-26T02:28:48 IST" name="before" finished-at="2023-05-26T02:28:48 IST" duration-ms="16" status="PASS">
          <reporter-output>
          </reporter-output>
        </test-method> <!-- before -->
        <test-method is-config="true" signature="beforeClass()[pri:0, instance:TestCases.MaxPanelAPI@6af93788]" started-at="2023-05-26T02:28:48 IST" name="beforeClass" finished-at="2023-05-26T02:28:48 IST" duration-ms="3" status="PASS">
          <reporter-output>
          </reporter-output>
        </test-method> <!-- beforeClass -->
        <test-method signature="maxpanelSchemaValidation()[pri:0, instance:TestCases.MaxPanelAPI@6af93788]" started-at="2023-05-26T02:28:48 IST" name="maxpanelSchemaValidation" finished-at="2023-05-26T02:28:57 IST" duration-ms="8529" status="PASS">
          <reporter-output>
          </reporter-output>
        </test-method> <!-- maxpanelSchemaValidation -->
      </class> <!-- TestCases.MaxPanelAPI -->
    </test> <!-- /Users/sangram.das/GIT/RestAssueredAutomationJenkins -->
  </suite> <!-- All Test Suite -->
</testng-results>
