<?xml version="1.0" encoding="UTF-8"?>
<testng-results ignored="1" total="2" passed="1" failed="0" skipped="0">
  <reporter-output>
  </reporter-output>
  <suite started-at="2023-06-01T17:38:22 IST" name="All Test Suite" finished-at="2023-06-01T17:38:25 IST" duration-ms="2775">
    <groups>
    </groups>
    <test started-at="2023-06-01T17:38:22 IST" name="/Users/sangram.das/GIT/RestAssueredAutomationJenkins/src/test/API/GenericFramework/Tests/Airlines.java" finished-at="2023-06-01T17:38:25 IST" duration-ms="2775">
      <class name="GenericFramework.Tests.AirlinesTest">
        <test-method is-config="true" signature="beforeClass()[pri:0, instance:GenericFramework.Tests.AirlinesTest@cecf639]" started-at="2023-06-01T17:38:22 IST" name="beforeClass" finished-at="2023-06-01T17:38:22 IST" duration-ms="12" status="PASS">
          <reporter-output>
          </reporter-output>
        </test-method> <!-- beforeClass -->
        <test-method signature="createAirLine()[pri:0, instance:GenericFramework.Tests.AirlinesTest@cecf639]" started-at="2023-06-01T17:38:22 IST" name="createAirLine" finished-at="2023-06-01T17:38:25 IST" duration-ms="2368" status="PASS">
          <reporter-output>
          </reporter-output>
        </test-method> <!-- createAirLine -->
      </class> <!-- GenericFramework.Tests.AirlinesTest -->
    </test> <!-- /Users/sangram.das/GIT/RestAssueredAutomationJenkins/src/test/API/GenericFramework/Tests/Airlines.java -->
  </suite> <!-- All Test Suite -->
</testng-results>
