<?xml version="1.0" encoding="UTF-8"?>
<!-- Generated by org.testng.reporters.JUnitXMLReporter -->
<testsuite ignored="0" hostname="SANDAS-BLRM21.local" failures="0" tests="2" name="/Users/sangram.das/GIT/RestAssueredAutomationJenkins/src/test/API/GenericFramework/Tests/Airlines.java" time="2.859" errors="0" timestamp="2023-05-30T21:28:40 IST">
  <testcase classname="GenericFramework.Tests.AirlinesTest" name="createAirLine" time="1.875"/>
  <testcase classname="GenericFramework.Tests.AirlinesTest" name="createAirLineAsMapPayload" time="0.963"/>
</testsuite> <!-- /Users/sangram.das/GIT/RestAssueredAutomationJenkins/src/test/API/GenericFramework/Tests/Airlines.java -->
